{"C:\\Users\\yonat\\WebAdvanced\\app_a\\server.js": {"path":"C:\\Users\\yonat\\WebAdvanced\\app_a\\server.js","statementMap":{"0":{"start":{"line":1,"column":16},"end":{"line":1,"column":34}},"1":{"start":{"line":2,"column":12},"end":{"line":2,"column":21}},"2":{"start":{"line":3,"column":15},"end":{"line":3,"column":41}},"3":{"start":{"line":5,"column":17},"end":{"line":5,"column":36}},"4":{"start":{"line":10,"column":16},"end":{"line":31,"column":1}},"5":{"start":{"line":11,"column":5},"end":{"line":30,"column":3}},"6":{"start":{"line":12,"column":15},"end":{"line":12,"column":34}},"7":{"start":{"line":13,"column":4},"end":{"line":13,"column":53}},"8":{"start":{"line":13,"column":30},"end":{"line":13,"column":49}},"9":{"start":{"line":14,"column":4},"end":{"line":14,"column":60}},"10":{"start":{"line":14,"column":26},"end":{"line":14,"column":59}},"11":{"start":{"line":16,"column":4},"end":{"line":29,"column":6}},"12":{"start":{"line":17,"column":27},"end":{"line":17,"column":49}},"13":{"start":{"line":18,"column":8},"end":{"line":18,"column":35}},"14":{"start":{"line":19,"column":8},"end":{"line":19,"column":59}},"15":{"start":{"line":22,"column":28},"end":{"line":22,"column":60}},"16":{"start":{"line":23,"column":8},"end":{"line":23,"column":39}},"17":{"start":{"line":25,"column":8},"end":{"line":27,"column":11}},"18":{"start":{"line":26,"column":12},"end":{"line":26,"column":35}},"19":{"start":{"line":28,"column":8},"end":{"line":28,"column":21}},"20":{"start":{"line":35,"column":0},"end":{"line":35,"column":25}}},"fnMap":{"0":{"name":"(anonymous_0)","decl":{"start":{"line":10,"column":16},"end":{"line":10,"column":17}},"loc":{"start":{"line":10,"column":22},"end":{"line":31,"column":1}},"line":10},"1":{"name":"(anonymous_1)","decl":{"start":{"line":11,"column":24},"end":{"line":11,"column":25}},"loc":{"start":{"line":11,"column":45},"end":{"line":30,"column":1}},"line":11},"2":{"name":"(anonymous_2)","decl":{"start":{"line":13,"column":19},"end":{"line":13,"column":20}},"loc":{"start":{"line":13,"column":28},"end":{"line":13,"column":51}},"line":13},"3":{"name":"(anonymous_3)","decl":{"start":{"line":14,"column":20},"end":{"line":14,"column":21}},"loc":{"start":{"line":14,"column":26},"end":{"line":14,"column":59}},"line":14},"4":{"name":"(anonymous_4)","decl":{"start":{"line":16,"column":49},"end":{"line":16,"column":50}},"loc":{"start":{"line":16,"column":55},"end":{"line":29,"column":5}},"line":16},"5":{"name":"(anonymous_5)","decl":{"start":{"line":25,"column":26},"end":{"line":25,"column":27}},"loc":{"start":{"line":25,"column":40},"end":{"line":27,"column":9}},"line":25}},"branchMap":{},"s":{"0":1,"1":1,"2":1,"3":1,"4":1,"5":1,"6":1,"7":1,"8":0,"9":1,"10":1,"11":1,"12":1,"13":1,"14":1,"15":1,"16":1,"17":1,"18":1,"19":1,"20":1},"f":{"0":1,"1":1,"2":0,"3":1,"4":1,"5":1},"b":{},"_coverageSchema":"1a1c01bbd47fc00a2c39e90264f33305004495a9","hash":"d5e16f4c1dab99b9f3eab4ba9083acdfe94ef3dd"}
,"C:\\Users\\yonat\\WebAdvanced\\app_a\\controllers\\posts_controllers.js": {"path":"C:\\Users\\yonat\\WebAdvanced\\app_a\\controllers\\posts_controllers.js","statementMap":{"0":{"start":{"line":1,"column":13},"end":{"line":1,"column":45}},"1":{"start":{"line":3,"column":20},"end":{"line":17,"column":1}},"2":{"start":{"line":4,"column":22},"end":{"line":4,"column":37}},"3":{"start":{"line":5,"column":2},"end":{"line":16,"column":3}},"4":{"start":{"line":6,"column":4},"end":{"line":12,"column":5}},"5":{"start":{"line":7,"column":20},"end":{"line":7,"column":59}},"6":{"start":{"line":8,"column":6},"end":{"line":8,"column":34}},"7":{"start":{"line":10,"column":20},"end":{"line":10,"column":37}},"8":{"start":{"line":11,"column":6},"end":{"line":11,"column":34}},"9":{"start":{"line":14,"column":4},"end":{"line":14,"column":21}},"10":{"start":{"line":15,"column":4},"end":{"line":15,"column":30}},"11":{"start":{"line":19,"column":0},"end":{"line":32,"column":2}},"12":{"start":{"line":20,"column":13},"end":{"line":20,"column":26}},"13":{"start":{"line":22,"column":2},"end":{"line":31,"column":3}},"14":{"start":{"line":23,"column":17},"end":{"line":23,"column":40}},"15":{"start":{"line":24,"column":4},"end":{"line":27,"column":33}},"16":{"start":{"line":25,"column":6},"end":{"line":25,"column":45}},"17":{"start":{"line":27,"column":6},"end":{"line":27,"column":33}},"18":{"start":{"line":29,"column":4},"end":{"line":29,"column":21}},"19":{"start":{"line":30,"column":4},"end":{"line":30,"column":30}},"20":{"start":{"line":34,"column":19},"end":{"line":43,"column":1}},"21":{"start":{"line":35,"column":2},"end":{"line":35,"column":24}},"22":{"start":{"line":36,"column":2},"end":{"line":42,"column":3}},"23":{"start":{"line":37,"column":17},"end":{"line":37,"column":44}},"24":{"start":{"line":38,"column":4},"end":{"line":38,"column":31}},"25":{"start":{"line":40,"column":4},"end":{"line":40,"column":20}},"26":{"start":{"line":41,"column":4},"end":{"line":41,"column":18}},"27":{"start":{"line":45,"column":19},"end":{"line":57,"column":1}},"28":{"start":{"line":46,"column":13},"end":{"line":46,"column":26}},"29":{"start":{"line":47,"column":2},"end":{"line":56,"column":3}},"30":{"start":{"line":48,"column":17},"end":{"line":48,"column":47}},"31":{"start":{"line":49,"column":4},"end":{"line":52,"column":31}},"32":{"start":{"line":50,"column":6},"end":{"line":50,"column":45}},"33":{"start":{"line":52,"column":4},"end":{"line":52,"column":31}},"34":{"start":{"line":54,"column":4},"end":{"line":54,"column":20}},"35":{"start":{"line":55,"column":4},"end":{"line":55,"column":18}},"36":{"start":{"line":59,"column":0},"end":{"line":59,"column":69}}},"fnMap":{"0":{"name":"(anonymous_0)","decl":{"start":{"line":3,"column":20},"end":{"line":3,"column":21}},"loc":{"start":{"line":3,"column":40},"end":{"line":17,"column":1}},"line":3},"1":{"name":"(anonymous_1)","decl":{"start":{"line":19,"column":14},"end":{"line":19,"column":15}},"loc":{"start":{"line":19,"column":34},"end":{"line":32,"column":1}},"line":19},"2":{"name":"(anonymous_2)","decl":{"start":{"line":34,"column":19},"end":{"line":34,"column":20}},"loc":{"start":{"line":34,"column":39},"end":{"line":43,"column":1}},"line":34},"3":{"name":"(anonymous_3)","decl":{"start":{"line":45,"column":19},"end":{"line":45,"column":20}},"loc":{"start":{"line":45,"column":37},"end":{"line":57,"column":1}},"line":45}},"branchMap":{"0":{"loc":{"start":{"line":6,"column":4},"end":{"line":12,"column":5}},"type":"if","locations":[{"start":{"line":6,"column":4},"end":{"line":12,"column":5}},{"start":{"line":9,"column":11},"end":{"line":12,"column":5}}],"line":6},"1":{"loc":{"start":{"line":24,"column":4},"end":{"line":27,"column":33}},"type":"if","locations":[{"start":{"line":24,"column":4},"end":{"line":27,"column":33}},{"start":{"line":27,"column":6},"end":{"line":27,"column":33}}],"line":24},"2":{"loc":{"start":{"line":49,"column":4},"end":{"line":52,"column":31}},"type":"if","locations":[{"start":{"line":49,"column":4},"end":{"line":52,"column":31}},{"start":{"line":52,"column":4},"end":{"line":52,"column":31}}],"line":49}},"s":{"0":1,"1":1,"2":4,"3":4,"4":4,"5":1,"6":1,"7":3,"8":3,"9":0,"10":0,"11":1,"12":3,"13":3,"14":3,"15":2,"16":1,"17":1,"18":1,"19":1,"20":1,"21":2,"22":2,"23":2,"24":1,"25":1,"26":1,"27":1,"28":3,"29":3,"30":3,"31":2,"32":1,"33":1,"34":1,"35":1,"36":1},"f":{"0":4,"1":3,"2":2,"3":3},"b":{"0":[1,3],"1":[1,1],"2":[1,1]},"_coverageSchema":"1a1c01bbd47fc00a2c39e90264f33305004495a9","hash":"92e63d2955f379e44c46a0714c6a296023c887d9"}
,"C:\\Users\\yonat\\WebAdvanced\\app_a\\models\\posts_model.js": {"path":"C:\\Users\\yonat\\WebAdvanced\\app_a\\models\\posts_model.js","statementMap":{"0":{"start":{"line":1,"column":17},"end":{"line":1,"column":36}},"1":{"start":{"line":3,"column":19},"end":{"line":13,"column":2}},"2":{"start":{"line":15,"column":13},"end":{"line":15,"column":48}},"3":{"start":{"line":17,"column":0},"end":{"line":17,"column":22}}},"fnMap":{},"branchMap":{},"s":{"0":1,"1":1,"2":1,"3":1},"f":{},"b":{},"_coverageSchema":"1a1c01bbd47fc00a2c39e90264f33305004495a9","hash":"705a6131ac904278f8e68d1b4e374757e6116dda"}
,"C:\\Users\\yonat\\WebAdvanced\\app_a\\routes\\posts_routes.js": {"path":"C:\\Users\\yonat\\WebAdvanced\\app_a\\routes\\posts_routes.js","statementMap":{"0":{"start":{"line":1,"column":16},"end":{"line":1,"column":34}},"1":{"start":{"line":2,"column":15},"end":{"line":2,"column":31}},"2":{"start":{"line":3,"column":13},"end":{"line":3,"column":56}},"3":{"start":{"line":5,"column":0},"end":{"line":5,"column":33}},"4":{"start":{"line":6,"column":0},"end":{"line":6,"column":37}},"5":{"start":{"line":8,"column":0},"end":{"line":8,"column":34}},"6":{"start":{"line":10,"column":0},"end":{"line":10,"column":38}},"7":{"start":{"line":12,"column":0},"end":{"line":12,"column":24}}},"fnMap":{},"branchMap":{},"s":{"0":1,"1":1,"2":1,"3":1,"4":1,"5":1,"6":1,"7":1},"f":{},"b":{},"_coverageSchema":"1a1c01bbd47fc00a2c39e90264f33305004495a9","hash":"2125fe750c03f568a6c2da62defe7cf1c911533f"}
}
